T7820 000:000.501   SEGGER J-Link V8.12f Log File
T7820 000:000.726   DLL Compiled: Feb 12 2025 13:34:40
T7820 000:000.759   Logging started @ 2025-07-29 15:58
T7820 000:000.818   Process: C:\Users\a8456\.eclipse\com.renesas.platform_1713588285\DebugComp\RA\e2-server-gdb.exe
T7820 000:000.869 - 0.860ms 
T7820 000:000.910 JLINK_GetDLLVersion()
T7820 000:000.939 - 0.030ms returns 81206
T7820 000:002.687 JLINK_OpenEx(...)
T7820 000:011.125   Firmware: J-Link V9 compiled May  7 2021 16:26:12
T7820 000:011.592   Firmware: J-Link V9 compiled May  7 2021 16:26:12
T7820 000:011.724   Decompressing FW timestamp took 93 us
T7820 000:017.186   Hardware: V9.60
T7820 000:017.272   S/N: 69660718
T7820 000:017.314   OEM: SEGGER
T7820 000:017.529   Feature(s): RDI, GDB, FlashDL, FlashBP, JFlash
T7820 000:018.012   Bootloader: (FW returned invalid version)
T7820 000:018.588   TELNET listener socket opened on port 19021
T7820 000:018.716   WEBSRV WEBSRV_Init(): Starting webserver thread(s)
T7820 000:018.841   WEBSRV Webserver running on local port 19080
T7820 000:018.952   Looking for J-Link GUI Server exe at: C:\Users\a8456\.eclipse\com.renesas.platform_1713588285\DebugComp\RA\ARM\Segger_v8.12.6\JLinkGUIServer.exe
T7820 000:019.036   Looking for J-Link GUI Server exe at: C:\Program Files\SEGGER\JLink_V818\JLinkGUIServer.exe
T7820 000:019.063   Forking J-Link GUI Server: C:\Program Files\SEGGER\JLink_V818\JLinkGUIServer.exe
T7820 000:118.718   J-Link GUI Server info: "J-Link GUI server V8.18 "
T7820 000:125.671 - 122.977ms returns "O.K."
T7820 000:125.782 JLINK_ExecCommand("ProjectFile=C:\Users\a8456\e2_studio\workspace\RA4M2_MINI_OLED_Project1/RA4M2_MINI_OLED_Project1.elf.jlink", ...). 
T7820 000:146.481 - 20.704ms returns 0x00
T7820 000:146.697 JLINK_ExecCommand("device=R7FA4M2AD", ...). 
T7820 000:146.821   Flash bank @ 0x0100A100: SFL: Parsing sectorization info from ELF file
T7820 000:146.831     FlashDevice.SectorInfo[0]: .SectorSize = 0x00000010, .SectorStartAddr = 0x00000000
T7820 000:146.841   FlashBank @0x0100A100: Sectorization info from SFL ELF file ignored because sectorization override from DLL / XML file is active.
T7820 000:147.024   Flash bank @ 0x60000000: SFL: Parsing sectorization info from ELF file
T7820 000:147.034     FlashDevice.SectorInfo[0]: .SectorSize = 0x00010000, .SectorStartAddr = 0x00000000
T7820 000:149.832   Device "R7FA4M2AD" selected.
T7820 000:150.078 - 3.371ms returns 0x00
T7820 000:150.091 JLINK_TIF_GetAvailable(...)
T7820 000:150.218 - 0.127ms 
T7820 000:150.232 JLINK_TIF_Select(JLINKARM_TIF_SWD)
T7820 000:150.627 - 0.395ms returns 0x00
T7820 000:150.638 JLINK_SetSpeed(4000)
T7820 000:150.700 - 0.063ms 
T7820 000:150.715 JLINK_ReadMem(0xE000EDF0, 0x4 Bytes, ...)
T7820 000:150.818   ConfigTargetSettings() start
T7820 000:150.829    J-Link Script File: Executing ConfigTargetSettings()
T7820 000:150.836   Configuring FlashDLNoRMWThreshold=0x200 in order to make sure that option bytes programming is done via read-modify-write
T7820 000:157.608   ConfigTargetSettings() end - Took 6.77ms
T7820 000:157.624   InitTarget() start
T7820 000:157.633    J-Link Script File: Executing InitTarget()
T7820 000:157.640   SWD selected. Executing JTAG -> SWD switching sequence.
T7820 000:158.941   DAP initialized successfully.
T7820 000:158.958   Determining TrustZone configuration...
T7820 000:159.785     Secure Debug: Enabled (SSD)
T7820 000:159.802   Determining currently configured transfer type by reading the AHB-AP CSW register.
T7820 000:160.402     --> Correct transfer type configured. Done.
T7820 000:160.415   InitTarget() end - Took 2.78ms
T7820 000:160.849   Found SW-DP with ID 0x6BA02477
T7820 000:162.566   DPIDR: 0x6BA02477
T7820 000:162.577   CoreSight SoC-400 or earlier
T7820 000:162.586   Scanning AP map to find all available APs
T7820 000:163.263   AP[2]: Stopped AP scan as end of AP map has been reached
T7820 000:163.274   AP[0]: AHB-AP (IDR: 0x84770001, ADDR: 0x00000000)
T7820 000:163.283   AP[1]: APB-AP (IDR: 0x54770002, ADDR: 0x01000000)
T7820 000:163.291   Iterating through AP map to find AHB-AP to use
T7820 000:163.971   AP[0]: Core found
T7820 000:163.980   AP[0]: AHB-AP ROM base: 0xE00FE000
T7820 000:164.310   CPUID register: 0x410FD214. Implementer code: 0x41 (ARM)
T7820 000:164.320   Feature set: Mainline
T7820 000:164.673   Cache: No cache
T7820 000:164.685   Found Cortex-M33 r0p4, Little endian.
T7820 000:164.938   -- Max. mem block: 0x00010A88
T7820 000:165.344   
  ***** Warning: 
T7820 000:165.353   Cortex-M (ARMv8-M and later): The connected J-Link (S/N 69660718) uses an old firmware module that does not handle I/D-cache correctly. Proper debugging functionality cannot be guaranteed if cache is enabled
T7820 000:165.366   CPU_ReadMem(4 bytes @ 0xE000EDF0)
T7820 000:165.573   CPU_WriteMem(4 bytes @ 0xE000EDF0)
T7820 000:165.809   CPU_ReadMem(4 bytes @ 0xE0002000)
T7820 000:166.040   FPUnit: 8 code (BP) slots and 0 literal slots
T7820 000:166.048   CPU_ReadMem(4 bytes @ 0xE000EDFC)
T7820 000:166.253   CPU_WriteMem(4 bytes @ 0xE000EDFC)
T7820 000:166.484   CPU_ReadMem(4 bytes @ 0xE0001000)
T7820 000:166.707   CPU_ReadMem(4 bytes @ 0xE0001000)
T7820 000:166.941   CPU_ReadMem(4 bytes @ 0xE0001028)
T7820 000:167.163   CPU_ReadMem(4 bytes @ 0xE0001038)
T7820 000:167.387   CPU_ReadMem(4 bytes @ 0xE0001048)
T7820 000:167.594   CPU_ReadMem(4 bytes @ 0xE0001058)
T7820 000:167.798   CPU_WriteMem(4 bytes @ 0xE0001000)
T7820 000:168.016   CPU_ReadMem(4 bytes @ 0xE000ED88)
T7820 000:168.230   CPU_WriteMem(4 bytes @ 0xE000ED88)
T7820 000:168.466   CPU_ReadMem(4 bytes @ 0xE000ED88)
T7820 000:168.709   CPU_WriteMem(4 bytes @ 0xE000ED88)
T7820 000:168.938   CPU_ReadMem(4 bytes @ 0xE000EFB8)
T7820 000:169.142   Security extension: implemented
T7820 000:169.151   Secure debug: enabled
T7820 000:169.159   CoreSight components:
T7820 000:169.167   ROMTbl[0] @ E00FE000
T7820 000:169.175   CPU_ReadMem(64 bytes @ 0xE00FE000)
T7820 000:169.671   CPU_ReadMem(32 bytes @ 0xE0044FE0)
T7820 000:170.371   CPU_ReadMem(4 bytes @ 0xE0044FBC)
T7820 000:170.875   CPU_ReadMem(4 bytes @ 0xE0044FCC)
T7820 000:171.142   [0][0]: E0044000 CID B105900D PID 005BB906 DEVARCH 00000000 DEVTYPE 14 CTI (?)
T7820 000:171.160   CPU_ReadMem(32 bytes @ 0xE0047FE0)
T7820 000:171.603   CPU_ReadMem(4 bytes @ 0xE0047FBC)
T7820 000:171.952   CPU_ReadMem(4 bytes @ 0xE0047FCC)
T7820 000:172.218   [0][1]: E0047000 CID B105900D PID 003BB908 DEVARCH 00000000 DEVTYPE 12 CSTF
T7820 000:172.240   CPU_ReadMem(32 bytes @ 0xE0048FE0)
T7820 000:172.640   CPU_ReadMem(4 bytes @ 0xE0048FBC)
T7820 000:172.946   CPU_ReadMem(4 bytes @ 0xE0048FCC)
T7820 000:173.219   [0][2]: E0048000 CID B105900D PID 001BB961 DEVARCH 00000000 DEVTYPE 21 TMC
T7820 000:173.249   CPU_ReadMem(32 bytes @ 0xE0049FE0)
T7820 000:173.644   [0][3]: E0049000 CID B105F00D PID 001BB101 TSG
T7820 000:173.662   CPU_ReadMem(32 bytes @ 0xE0040FE0)
T7820 000:174.032   CPU_ReadMem(4 bytes @ 0xE0040FBC)
T7820 000:174.244   CPU_ReadMem(4 bytes @ 0xE0040FCC)
T7820 000:174.461   [0][4]: E0040000 CID B105900D PID 000BBD21 DEVARCH 00000000 DEVTYPE 11 TPIU
T7820 000:174.471   CPU_ReadMem(32 bytes @ 0xE00FFFE0)
T7820 000:174.826   [0][5]: E00FF000 CID B105100D PID 000BB4C9 ROM Table
T7820 000:174.835   ROMTbl[1] @ E00FF000
T7820 000:174.843   CPU_ReadMem(64 bytes @ 0xE00FF000)
T7820 000:175.393   CPU_ReadMem(32 bytes @ 0xE000EFE0)
T7820 000:175.762   CPU_ReadMem(4 bytes @ 0xE000EFBC)
T7820 000:175.994   CPU_ReadMem(4 bytes @ 0xE000EFCC)
T7820 000:176.217   [1][0]: E000E000 CID B105900D PID 000BBD21 DEVARCH 47702A04 DEVTYPE 00 Cortex-M33
T7820 000:176.226   CPU_ReadMem(32 bytes @ 0xE0001FE0)
T7820 000:176.584   CPU_ReadMem(4 bytes @ 0xE0001FBC)
T7820 000:176.787   CPU_ReadMem(4 bytes @ 0xE0001FCC)
T7820 000:177.019   [1][1]: E0001000 CID B105900D PID 000BBD21 DEVARCH 47701A02 DEVTYPE 00 DWT
T7820 000:177.030   CPU_ReadMem(32 bytes @ 0xE0002FE0)
T7820 000:177.392   CPU_ReadMem(4 bytes @ 0xE0002FBC)
T7820 000:177.611   CPU_ReadMem(4 bytes @ 0xE0002FCC)
T7820 000:177.830   [1][2]: E0002000 CID B105900D PID 000BBD21 DEVARCH 47701A03 DEVTYPE 00 FPB
T7820 000:177.881   CPU_ReadMem(32 bytes @ 0xE0000FE0)
T7820 000:178.241   CPU_ReadMem(4 bytes @ 0xE0000FBC)
T7820 000:178.450   CPU_ReadMem(4 bytes @ 0xE0000FCC)
T7820 000:178.651   [1][3]: E0000000 CID B105900D PID 000BBD21 DEVARCH 47701A01 DEVTYPE 43 ITM
T7820 000:178.659   CPU_ReadMem(32 bytes @ 0xE0041FE0)
T7820 000:179.011   CPU_ReadMem(4 bytes @ 0xE0041FBC)
T7820 000:179.216   CPU_ReadMem(4 bytes @ 0xE0041FCC)
T7820 000:179.420   [1][5]: E0041000 CID B105900D PID 002BBD21 DEVARCH 47724A13 DEVTYPE 13 ETM
T7820 000:179.428   CPU_ReadMem(32 bytes @ 0xE0042FE0)
T7820 000:179.762   CPU_ReadMem(4 bytes @ 0xE0042FBC)
T7820 000:179.992   CPU_ReadMem(4 bytes @ 0xE0042FCC)
T7820 000:180.199   [1][6]: E0042000 CID B105900D PID 000BBD21 DEVARCH 47701A14 DEVTYPE 14 CSS600-CTI
T7820 000:180.238   CPU_ReadMem(4 bytes @ 0xE000EDF0)
T7820 000:180.436   Data:  01 00 10 01
T7820 000:180.445   Debug reg: DHCSR
T7820 000:180.453 - 29.738ms returns 0
T7820 000:180.490 JLINK_ReadMem(0x400E002C, 0x4 Bytes, ...)
T7820 000:180.497   CPU_ReadMem(4 bytes @ 0x400E002C)
T7820 000:180.703   Data:  01 00 00 00
T7820 000:180.711 - 0.221ms returns 0
T7820 000:180.733 JLINK_ReadMem(0xE000EDF0, 0x4 Bytes, ...)
T7820 000:180.739   CPU_ReadMem(4 bytes @ 0xE000EDF0)
T7820 000:180.966   Data:  01 00 10 01
T7820 000:180.975   Debug reg: DHCSR
T7820 000:180.983 - 0.250ms returns 0
T7820 000:181.006 JLINK_ReadMem(0xE000EDF0, 0x4 Bytes, ...)
T7820 000:181.013   CPU_ReadMem(4 bytes @ 0xE000EDF0)
T7820 000:181.242   Data:  01 00 10 01
T7820 000:181.250   Debug reg: DHCSR
T7820 000:181.258 - 0.252ms returns 0
T7820 000:181.265 JLINK_ReadMem(0x400E001C, 0x4 Bytes, ...)
T7820 000:181.271   CPU_ReadMem(4 bytes @ 0x400E001C)
T7820 000:181.473   Data:  00 FC FF 00
T7820 000:181.481 - 0.215ms returns 0
T7820 000:181.489 JLINK_ReadMem(0xE000EDF0, 0x4 Bytes, ...)
T7820 000:181.495   CPU_ReadMem(4 bytes @ 0xE000EDF0)
T7820 000:181.702   Data:  01 00 10 01
T7820 000:181.711   Debug reg: DHCSR
T7820 000:181.719 - 0.230ms returns 0
T7820 000:181.726 JLINK_ReadMem(0x400E0018, 0x4 Bytes, ...)
T7820 000:181.732   CPU_ReadMem(4 bytes @ 0x400E0018)
T7820 000:181.937   Data:  00 80 FF 00
T7820 000:181.946 - 0.219ms returns 0
T7820 000:181.954 JLINK_ReadMem(0xE000EDF0, 0x4 Bytes, ...)
T7820 000:181.960   CPU_ReadMem(4 bytes @ 0xE000EDF0)
T7820 000:182.162   Data:  01 00 10 01
T7820 000:182.170   Debug reg: DHCSR
T7820 000:182.178 - 0.224ms returns 0
T7820 000:182.185 JLINK_ReadMem(0x400E0020, 0x4 Bytes, ...)
T7820 000:182.191   CPU_ReadMem(4 bytes @ 0x400E0020)
T7820 000:182.412   Data:  00 FC 00 00
T7820 000:182.421 - 0.235ms returns 0
T7820 000:182.429 JLINK_ReadMem(0xE000EDF0, 0x4 Bytes, ...)
T7820 000:182.435   CPU_ReadMem(4 bytes @ 0xE000EDF0)
T7820 000:182.636   Data:  01 00 10 01
T7820 000:182.644   Debug reg: DHCSR
T7820 000:182.652 - 0.223ms returns 0
T7820 000:182.659 JLINK_ReadMem(0x400E0028, 0x4 Bytes, ...)
T7820 000:182.665   CPU_ReadMem(4 bytes @ 0x400E0028)
T7820 000:182.858   Data:  00 FC 1F 00
T7820 000:182.872 - 0.212ms returns 0
T7820 000:182.885 JLINK_ReadMem(0xE000EDF0, 0x4 Bytes, ...)
T7820 000:182.893   CPU_ReadMem(4 bytes @ 0xE000EDF0)
T7820 000:183.122   Data:  01 00 10 01
T7820 000:183.131   Debug reg: DHCSR
T7820 000:183.139 - 0.253ms returns 0
T7820 000:183.146 JLINK_ReadMem(0x400E0024, 0x4 Bytes, ...)
T7820 000:183.152   CPU_ReadMem(4 bytes @ 0x400E0024)
T7820 000:183.371   Data:  00 E0 1F 00
T7820 000:183.380 - 0.234ms returns 0
T7820 000:183.388 JLINK_ReadMem(0xE000EDF0, 0x4 Bytes, ...)
T7820 000:183.394   CPU_ReadMem(4 bytes @ 0xE000EDF0)
T7820 000:183.624   Data:  01 00 10 01
T7820 000:183.637   Debug reg: DHCSR
T7820 000:183.645 - 0.256ms returns 0
T7820 000:183.655 JLINK_ReadMem(0x400E002C, 0x4 Bytes, ...)
T7820 000:183.664   CPU_ReadMem(4 bytes @ 0x400E002C)
T7820 000:183.940   Data:  01 00 00 00
T7820 000:183.954 - 0.299ms returns 0
T7820 000:185.674 JLINK_Close()
T7820 000:199.228 - 13.553ms
T7820 000:199.258   
T7820 000:199.264   Closed
