T6980 000:000.528   SEGGER J-Link V8.12f Log File
T6980 000:000.643   DLL Compiled: Feb 12 2025 13:34:40
T6980 000:000.657   Logging started @ 2025-09-15 17:19
T6980 000:000.670   Process: C:\Users\a8456\.eclipse\com.renesas.platform_1713588285\DebugComp\RA\e2-server-gdb.exe
T6980 000:000.687 - 0.684ms 
T6980 000:000.707 JLINK_GetDLLVersion()
T6980 000:000.720 - 0.014ms returns 81206
T6980 000:002.465 JLINK_OpenEx(...)
T6980 000:007.776   Firmware: J-Link V9 compiled May  7 2021 16:26:12
T6980 000:008.366   Firmware: J-Link V9 compiled May  7 2021 16:26:12
T6980 000:008.479   Decompressing FW timestamp took 88 us
T6980 000:013.905   Hardware: V9.60
T6980 000:013.950   S/N: 69660718
T6980 000:013.970   OEM: SEGGER
T6980 000:014.123   Feature(s): RDI, GDB, FlashDL, FlashBP, JFlash
T6980 000:014.521   Bootloader: (FW returned invalid version)
T6980 000:015.045   TELNET listener socket opened on port 19021
T6980 000:015.187   WEBSRV WEBSRV_Init(): Starting webserver thread(s)
T6980 000:015.308   WEBSRV Webserver running on local port 19080
T6980 000:015.422   Looking for J-Link GUI Server exe at: C:\Users\a8456\.eclipse\com.renesas.platform_1713588285\DebugComp\RA\ARM\Segger_v8.12.6\JLinkGUIServer.exe
T6980 000:015.504   Looking for J-Link GUI Server exe at: C:\Program Files\SEGGER\JLink_V818\JLinkGUIServer.exe
T6980 000:015.529   Forking J-Link GUI Server: C:\Program Files\SEGGER\JLink_V818\JLinkGUIServer.exe
T6980 000:044.302   J-Link GUI Server info: "J-Link GUI server V8.18 "
T6980 000:044.935 - 42.465ms returns "O.K."
T6980 000:045.053 JLINK_ExecCommand("ProjectFile=C:\Users\a8456\e2_studio\workspace\RA4M2_MINI_KONGLONG1/RA4M2_MINI_Dino.elf.jlink", ...). 
T6980 000:066.282 - 21.230ms returns 0x00
T6980 000:066.516 JLINK_ExecCommand("device=R7FA4M2AD", ...). 
T6980 000:066.650   Flash bank @ 0x0100A100: SFL: Parsing sectorization info from ELF file
T6980 000:066.661     FlashDevice.SectorInfo[0]: .SectorSize = 0x00000010, .SectorStartAddr = 0x00000000
T6980 000:066.670   FlashBank @0x0100A100: Sectorization info from SFL ELF file ignored because sectorization override from DLL / XML file is active.
T6980 000:066.859   Flash bank @ 0x60000000: SFL: Parsing sectorization info from ELF file
T6980 000:066.869     FlashDevice.SectorInfo[0]: .SectorSize = 0x00010000, .SectorStartAddr = 0x00000000
T6980 000:069.449   Device "R7FA4M2AD" selected.
T6980 000:069.688 - 3.162ms returns 0x00
T6980 000:069.700 JLINK_TIF_GetAvailable(...)
T6980 000:069.828 - 0.127ms 
T6980 000:069.845 JLINK_TIF_Select(JLINKARM_TIF_SWD)
T6980 000:070.359 - 0.514ms returns 0x00
T6980 000:070.368 JLINK_SetSpeed(4000)
T6980 000:070.459 - 0.091ms 
T6980 000:070.473 JLINK_ReadMem(0xE000EDF0, 0x4 Bytes, ...)
T6980 000:070.573   ConfigTargetSettings() start
T6980 000:070.584    J-Link Script File: Executing ConfigTargetSettings()
T6980 000:070.592   Configuring FlashDLNoRMWThreshold=0x200 in order to make sure that option bytes programming is done via read-modify-write
T6980 000:075.608   ConfigTargetSettings() end - Took 5.02ms
T6980 000:075.621   InitTarget() start
T6980 000:075.630    J-Link Script File: Executing InitTarget()
T6980 000:075.637   SWD selected. Executing JTAG -> SWD switching sequence.
T6980 000:077.005   DAP initialized successfully.
T6980 000:077.021   Determining TrustZone configuration...
T6980 000:077.594     Secure Debug: Enabled (SSD)
T6980 000:077.604   Determining currently configured transfer type by reading the AHB-AP CSW register.
T6980 000:078.303     --> Correct transfer type configured. Done.
T6980 000:078.361   InitTarget() end - Took 2.72ms
T6980 000:078.947   Found SW-DP with ID 0x6BA02477
T6980 000:080.653   DPIDR: 0x6BA02477
T6980 000:080.668   CoreSight SoC-400 or earlier
T6980 000:080.678   Scanning AP map to find all available APs
T6980 000:081.311   AP[2]: Stopped AP scan as end of AP map has been reached
T6980 000:081.320   AP[0]: AHB-AP (IDR: 0x84770001, ADDR: 0x00000000)
T6980 000:081.328   AP[1]: APB-AP (IDR: 0x54770002, ADDR: 0x01000000)
T6980 000:081.337   Iterating through AP map to find AHB-AP to use
T6980 000:082.175   AP[0]: Core found
T6980 000:082.187   AP[0]: AHB-AP ROM base: 0xE00FE000
T6980 000:082.532   CPUID register: 0x410FD214. Implementer code: 0x41 (ARM)
T6980 000:082.542   Feature set: Mainline
T6980 000:082.868   Cache: No cache
T6980 000:082.878   Found Cortex-M33 r0p4, Little endian.
T6980 000:083.150   -- Max. mem block: 0x00010A88
T6980 000:083.571   
  ***** Warning: 
T6980 000:083.580   Cortex-M (ARMv8-M and later): The connected J-Link (S/N 69660718) uses an old firmware module that does not handle I/D-cache correctly. Proper debugging functionality cannot be guaranteed if cache is enabled
T6980 000:083.593   CPU_ReadMem(4 bytes @ 0xE000EDF0)
T6980 000:083.798   CPU_WriteMem(4 bytes @ 0xE000EDF0)
T6980 000:084.027   CPU_ReadMem(4 bytes @ 0xE0002000)
T6980 000:084.237   FPUnit: 8 code (BP) slots and 0 literal slots
T6980 000:084.245   CPU_ReadMem(4 bytes @ 0xE000EDFC)
T6980 000:084.448   CPU_WriteMem(4 bytes @ 0xE000EDFC)
T6980 000:084.673   CPU_ReadMem(4 bytes @ 0xE0001000)
T6980 000:084.874   CPU_ReadMem(4 bytes @ 0xE0001000)
T6980 000:085.076   CPU_ReadMem(4 bytes @ 0xE0001028)
T6980 000:085.335   CPU_ReadMem(4 bytes @ 0xE0001038)
T6980 000:085.535   CPU_ReadMem(4 bytes @ 0xE0001048)
T6980 000:085.733   CPU_ReadMem(4 bytes @ 0xE0001058)
T6980 000:085.931   CPU_WriteMem(4 bytes @ 0xE0001000)
T6980 000:086.150   CPU_ReadMem(4 bytes @ 0xE000ED88)
T6980 000:086.374   CPU_WriteMem(4 bytes @ 0xE000ED88)
T6980 000:086.595   CPU_ReadMem(4 bytes @ 0xE000ED88)
T6980 000:086.796   CPU_WriteMem(4 bytes @ 0xE000ED88)
T6980 000:087.022   CPU_ReadMem(4 bytes @ 0xE000EFB8)
T6980 000:087.239   Security extension: implemented
T6980 000:087.248   Secure debug: enabled
T6980 000:087.256   CoreSight components:
T6980 000:087.264   ROMTbl[0] @ E00FE000
T6980 000:087.273   CPU_ReadMem(64 bytes @ 0xE00FE000)
T6980 000:087.780   CPU_ReadMem(32 bytes @ 0xE0044FE0)
T6980 000:088.172   CPU_ReadMem(4 bytes @ 0xE0044FBC)
T6980 000:088.400   CPU_ReadMem(4 bytes @ 0xE0044FCC)
T6980 000:088.605   [0][0]: E0044000 CID B105900D PID 005BB906 DEVARCH 00000000 DEVTYPE 14 CTI (?)
T6980 000:088.615   CPU_ReadMem(32 bytes @ 0xE0047FE0)
T6980 000:088.971   CPU_ReadMem(4 bytes @ 0xE0047FBC)
T6980 000:089.179   CPU_ReadMem(4 bytes @ 0xE0047FCC)
T6980 000:089.385   [0][1]: E0047000 CID B105900D PID 003BB908 DEVARCH 00000000 DEVTYPE 12 CSTF
T6980 000:089.393   CPU_ReadMem(32 bytes @ 0xE0048FE0)
T6980 000:089.747   CPU_ReadMem(4 bytes @ 0xE0048FBC)
T6980 000:089.951   CPU_ReadMem(4 bytes @ 0xE0048FCC)
T6980 000:090.186   [0][2]: E0048000 CID B105900D PID 001BB961 DEVARCH 00000000 DEVTYPE 21 TMC
T6980 000:090.195   CPU_ReadMem(32 bytes @ 0xE0049FE0)
T6980 000:090.549   [0][3]: E0049000 CID B105F00D PID 001BB101 TSG
T6980 000:090.558   CPU_ReadMem(32 bytes @ 0xE0040FE0)
T6980 000:090.893   CPU_ReadMem(4 bytes @ 0xE0040FBC)
T6980 000:091.153   CPU_ReadMem(4 bytes @ 0xE0040FCC)
T6980 000:091.378   [0][4]: E0040000 CID B105900D PID 000BBD21 DEVARCH 00000000 DEVTYPE 11 TPIU
T6980 000:091.387   CPU_ReadMem(32 bytes @ 0xE00FFFE0)
T6980 000:091.743   [0][5]: E00FF000 CID B105100D PID 000BB4C9 ROM Table
T6980 000:091.754   ROMTbl[1] @ E00FF000
T6980 000:091.763   CPU_ReadMem(64 bytes @ 0xE00FF000)
T6980 000:092.258   CPU_ReadMem(32 bytes @ 0xE000EFE0)
T6980 000:092.617   CPU_ReadMem(4 bytes @ 0xE000EFBC)
T6980 000:092.822   CPU_ReadMem(4 bytes @ 0xE000EFCC)
T6980 000:093.026   [1][0]: E000E000 CID B105900D PID 000BBD21 DEVARCH 47702A04 DEVTYPE 00 Cortex-M33
T6980 000:093.035   CPU_ReadMem(32 bytes @ 0xE0001FE0)
T6980 000:093.466   CPU_ReadMem(4 bytes @ 0xE0001FBC)
T6980 000:093.671   CPU_ReadMem(4 bytes @ 0xE0001FCC)
T6980 000:093.879   [1][1]: E0001000 CID B105900D PID 000BBD21 DEVARCH 47701A02 DEVTYPE 00 DWT
T6980 000:093.888   CPU_ReadMem(32 bytes @ 0xE0002FE0)
T6980 000:094.232   CPU_ReadMem(4 bytes @ 0xE0002FBC)
T6980 000:094.466   CPU_ReadMem(4 bytes @ 0xE0002FCC)
T6980 000:094.712   [1][2]: E0002000 CID B105900D PID 000BBD21 DEVARCH 47701A03 DEVTYPE 00 FPB
T6980 000:094.763   CPU_ReadMem(32 bytes @ 0xE0000FE0)
T6980 000:095.266   CPU_ReadMem(4 bytes @ 0xE0000FBC)
T6980 000:095.556   CPU_ReadMem(4 bytes @ 0xE0000FCC)
T6980 000:095.953   [1][3]: E0000000 CID B105900D PID 000BBD21 DEVARCH 47701A01 DEVTYPE 43 ITM
T6980 000:095.977   CPU_ReadMem(32 bytes @ 0xE0041FE0)
T6980 000:096.375   CPU_ReadMem(4 bytes @ 0xE0041FBC)
T6980 000:096.636   CPU_ReadMem(4 bytes @ 0xE0041FCC)
T6980 000:096.908   [1][5]: E0041000 CID B105900D PID 002BBD21 DEVARCH 47724A13 DEVTYPE 13 ETM
T6980 000:096.924   CPU_ReadMem(32 bytes @ 0xE0042FE0)
T6980 000:097.298   CPU_ReadMem(4 bytes @ 0xE0042FBC)
T6980 000:097.515   CPU_ReadMem(4 bytes @ 0xE0042FCC)
T6980 000:097.724   [1][6]: E0042000 CID B105900D PID 000BBD21 DEVARCH 47701A14 DEVTYPE 14 CSS600-CTI
T6980 000:097.764   CPU_ReadMem(4 bytes @ 0xE000EDF0)
T6980 000:097.974   Data:  01 00 10 01
T6980 000:097.983   Debug reg: DHCSR
T6980 000:097.991 - 27.518ms returns 0
T6980 000:098.026 JLINK_ReadMem(0x400E002C, 0x4 Bytes, ...)
T6980 000:098.034   CPU_ReadMem(4 bytes @ 0x400E002C)
T6980 000:098.262   Data:  01 00 00 00
T6980 000:098.271 - 0.245ms returns 0
T6980 000:098.294 JLINK_ReadMem(0xE000EDF0, 0x4 Bytes, ...)
T6980 000:098.300   CPU_ReadMem(4 bytes @ 0xE000EDF0)
T6980 000:098.503   Data:  01 00 10 01
T6980 000:098.512   Debug reg: DHCSR
T6980 000:098.520 - 0.227ms returns 0
T6980 000:098.541 JLINK_ReadMem(0xE000EDF0, 0x4 Bytes, ...)
T6980 000:098.547   CPU_ReadMem(4 bytes @ 0xE000EDF0)
T6980 000:098.749   Data:  01 00 10 01
T6980 000:098.758   Debug reg: DHCSR
T6980 000:098.766 - 0.224ms returns 0
T6980 000:098.773 JLINK_ReadMem(0x400E001C, 0x4 Bytes, ...)
T6980 000:098.779   CPU_ReadMem(4 bytes @ 0x400E001C)
T6980 000:098.980   Data:  00 FC FF 00
T6980 000:098.989 - 0.216ms returns 0
T6980 000:098.997 JLINK_ReadMem(0xE000EDF0, 0x4 Bytes, ...)
T6980 000:099.003   CPU_ReadMem(4 bytes @ 0xE000EDF0)
T6980 000:099.210   Data:  01 00 10 01
T6980 000:099.218   Debug reg: DHCSR
T6980 000:099.226 - 0.229ms returns 0
T6980 000:099.233 JLINK_ReadMem(0x400E0018, 0x4 Bytes, ...)
T6980 000:099.239   CPU_ReadMem(4 bytes @ 0x400E0018)
T6980 000:099.447   Data:  00 80 FF 00
T6980 000:099.456 - 0.222ms returns 0
T6980 000:099.464 JLINK_ReadMem(0xE000EDF0, 0x4 Bytes, ...)
T6980 000:099.470   CPU_ReadMem(4 bytes @ 0xE000EDF0)
T6980 000:099.671   Data:  01 00 10 01
T6980 000:099.679   Debug reg: DHCSR
T6980 000:099.688 - 0.224ms returns 0
T6980 000:099.695 JLINK_ReadMem(0x400E0020, 0x4 Bytes, ...)
T6980 000:099.701   CPU_ReadMem(4 bytes @ 0x400E0020)
T6980 000:099.905   Data:  00 FC 00 00
T6980 000:099.914 - 0.219ms returns 0
T6980 000:099.922 JLINK_ReadMem(0xE000EDF0, 0x4 Bytes, ...)
T6980 000:099.928   CPU_ReadMem(4 bytes @ 0xE000EDF0)
T6980 000:100.152   Data:  01 00 10 01
T6980 000:100.161   Debug reg: DHCSR
T6980 000:100.169 - 0.247ms returns 0
T6980 000:100.176 JLINK_ReadMem(0x400E0028, 0x4 Bytes, ...)
T6980 000:100.182   CPU_ReadMem(4 bytes @ 0x400E0028)
T6980 000:100.406   Data:  00 FC 1F 00
T6980 000:100.415 - 0.238ms returns 0
T6980 000:100.423 JLINK_ReadMem(0xE000EDF0, 0x4 Bytes, ...)
T6980 000:100.429   CPU_ReadMem(4 bytes @ 0xE000EDF0)
T6980 000:100.628   Data:  01 00 10 01
T6980 000:100.636   Debug reg: DHCSR
T6980 000:100.644 - 0.221ms returns 0
T6980 000:100.651 JLINK_ReadMem(0x400E0024, 0x4 Bytes, ...)
T6980 000:100.657   CPU_ReadMem(4 bytes @ 0x400E0024)
T6980 000:100.858   Data:  00 E0 1F 00
T6980 000:100.867 - 0.215ms returns 0
T6980 000:100.875 JLINK_ReadMem(0xE000EDF0, 0x4 Bytes, ...)
T6980 000:100.881   CPU_ReadMem(4 bytes @ 0xE000EDF0)
T6980 000:101.153   Data:  01 00 10 01
T6980 000:101.161   Debug reg: DHCSR
T6980 000:101.169 - 0.294ms returns 0
T6980 000:101.176 JLINK_ReadMem(0x400E002C, 0x4 Bytes, ...)
T6980 000:101.182   CPU_ReadMem(4 bytes @ 0x400E002C)
T6980 000:101.385   Data:  01 00 00 00
T6980 000:101.394 - 0.217ms returns 0
T6980 000:110.537 JLINK_Close()
T6980 000:123.809 - 13.271ms
T6980 000:123.830   
T6980 000:123.836   Closed
