T87DC 000:000.773   SEGGER J-Link V8.12f Log File
T87DC 000:001.024   DLL Compiled: Feb 12 2025 13:34:40
T87DC 000:001.038   Logging started @ 2025-07-29 16:52
T87DC 000:001.050   Process: C:\Users\a8456\.eclipse\com.renesas.platform_1713588285\DebugComp\RA\e2-server-gdb.exe
T87DC 000:001.113 - 1.063ms 
T87DC 000:001.151 JLINK_GetDLLVersion()
T87DC 000:001.163 - 0.013ms returns 81206
T87DC 000:004.136 JLINK_OpenEx(...)
T87DC 000:010.846   Firmware: J-Link V9 compiled May  7 2021 16:26:12
T87DC 000:011.370   Firmware: J-Link V9 compiled May  7 2021 16:26:12
T87DC 000:011.496   Decompressing FW timestamp took 96 us
T87DC 000:016.812   Hardware: V9.60
T87DC 000:016.831   S/N: 69660718
T87DC 000:016.839   OEM: SEGGER
T87DC 000:016.847   Feature(s): RDI, GDB, FlashDL, FlashBP, JFlash
T87DC 000:017.490   Bootloader: (FW returned invalid version)
T87DC 000:018.187   TELNET listener socket opened on port 19021
T87DC 000:018.487   WEBSRV WEBSRV_Init(): Starting webserver thread(s)
T87DC 000:018.666   WEBSRV Webserver running on local port 19080
T87DC 000:018.858   Looking for J-Link GUI Server exe at: C:\Users\a8456\.eclipse\com.renesas.platform_1713588285\DebugComp\RA\ARM\Segger_v8.12.6\JLinkGUIServer.exe
T87DC 000:019.009   Looking for J-Link GUI Server exe at: C:\Program Files\SEGGER\JLink_V818\JLinkGUIServer.exe
T87DC 000:019.064   Forking J-Link GUI Server: C:\Program Files\SEGGER\JLink_V818\JLinkGUIServer.exe
T87DC 000:146.665   J-Link GUI Server info: "J-Link GUI server V8.18 "
T87DC 000:152.895 - 148.751ms returns "O.K."
T87DC 000:153.031 JLINK_ExecCommand("ProjectFile=C:\Users\a8456\e2_studio\workspace\RA4M2_MINI_OLED_Project2/RA4M2_MINI_OLED_Project2.elf.jlink", ...). 
T87DC 000:168.296 - 15.268ms returns 0x00
T87DC 000:168.749 JLINK_ExecCommand("device=R7FA4M2AD", ...). 
T87DC 000:169.658   Flash bank @ 0x0100A100: SFL: Parsing sectorization info from ELF file
T87DC 000:169.677     FlashDevice.SectorInfo[0]: .SectorSize = 0x00000010, .SectorStartAddr = 0x00000000
T87DC 000:169.686   FlashBank @0x0100A100: Sectorization info from SFL ELF file ignored because sectorization override from DLL / XML file is active.
T87DC 000:169.905   Flash bank @ 0x60000000: SFL: Parsing sectorization info from ELF file
T87DC 000:169.916     FlashDevice.SectorInfo[0]: .SectorSize = 0x00010000, .SectorStartAddr = 0x00000000
T87DC 000:173.284   Device "R7FA4M2AD" selected.
T87DC 000:173.754 - 4.974ms returns 0x00
T87DC 000:173.770 JLINK_TIF_GetAvailable(...)
T87DC 000:173.898 - 0.127ms 
T87DC 000:173.913 JLINK_TIF_Select(JLINKARM_TIF_SWD)
T87DC 000:174.353 - 0.440ms returns 0x00
T87DC 000:174.370 JLINK_SetSpeed(4000)
T87DC 000:174.438 - 0.068ms 
T87DC 000:174.466 JLINK_ReadMem(0xE000EDF0, 0x4 Bytes, ...)
T87DC 000:174.606   ConfigTargetSettings() start
T87DC 000:174.621    J-Link Script File: Executing ConfigTargetSettings()
T87DC 000:174.629   Configuring FlashDLNoRMWThreshold=0x200 in order to make sure that option bytes programming is done via read-modify-write
T87DC 000:179.579   ConfigTargetSettings() end - Took 4.95ms
T87DC 000:179.591   InitTarget() start
T87DC 000:179.599    J-Link Script File: Executing InitTarget()
T87DC 000:179.606   SWD selected. Executing JTAG -> SWD switching sequence.
T87DC 000:180.895   DAP initialized successfully.
T87DC 000:180.912   Determining TrustZone configuration...
T87DC 000:181.582     Secure Debug: Enabled (SSD)
T87DC 000:181.598   Determining currently configured transfer type by reading the AHB-AP CSW register.
T87DC 000:182.240     --> Correct transfer type configured. Done.
T87DC 000:182.258   InitTarget() end - Took 2.65ms
T87DC 000:182.746   Found SW-DP with ID 0x6BA02477
T87DC 000:184.518   DPIDR: 0x6BA02477
T87DC 000:184.557   CoreSight SoC-400 or earlier
T87DC 000:184.581   Scanning AP map to find all available APs
T87DC 000:185.229   AP[2]: Stopped AP scan as end of AP map has been reached
T87DC 000:185.263   AP[0]: AHB-AP (IDR: 0x84770001, ADDR: 0x00000000)
T87DC 000:185.278   AP[1]: APB-AP (IDR: 0x54770002, ADDR: 0x01000000)
T87DC 000:185.294   Iterating through AP map to find AHB-AP to use
T87DC 000:186.142   AP[0]: Core found
T87DC 000:186.174   AP[0]: AHB-AP ROM base: 0xE00FE000
T87DC 000:186.561   CPUID register: 0x410FD214. Implementer code: 0x41 (ARM)
T87DC 000:186.593   Feature set: Mainline
T87DC 000:187.057   Cache: No cache
T87DC 000:187.096   Found Cortex-M33 r0p4, Little endian.
T87DC 000:187.389   -- Max. mem block: 0x00010A88
T87DC 000:187.810   
  ***** Warning: 
T87DC 000:187.840   Cortex-M (ARMv8-M and later): The connected J-Link (S/N 69660718) uses an old firmware module that does not handle I/D-cache correctly. Proper debugging functionality cannot be guaranteed if cache is enabled
T87DC 000:187.875   CPU_ReadMem(4 bytes @ 0xE000EDF0)
T87DC 000:188.198   CPU_WriteMem(4 bytes @ 0xE000EDF0)
T87DC 000:188.524   CPU_ReadMem(4 bytes @ 0xE0002000)
T87DC 000:188.776   FPUnit: 8 code (BP) slots and 0 literal slots
T87DC 000:188.805   CPU_ReadMem(4 bytes @ 0xE000EDFC)
T87DC 000:189.056   CPU_WriteMem(4 bytes @ 0xE000EDFC)
T87DC 000:189.323   CPU_ReadMem(4 bytes @ 0xE0001000)
T87DC 000:189.589   CPU_ReadMem(4 bytes @ 0xE0001000)
T87DC 000:189.803   CPU_ReadMem(4 bytes @ 0xE0001028)
T87DC 000:190.051   CPU_ReadMem(4 bytes @ 0xE0001038)
T87DC 000:190.276   CPU_ReadMem(4 bytes @ 0xE0001048)
T87DC 000:190.527   CPU_ReadMem(4 bytes @ 0xE0001058)
T87DC 000:190.743   CPU_WriteMem(4 bytes @ 0xE0001000)
T87DC 000:191.001   CPU_ReadMem(4 bytes @ 0xE000ED88)
T87DC 000:191.211   CPU_WriteMem(4 bytes @ 0xE000ED88)
T87DC 000:191.448   CPU_ReadMem(4 bytes @ 0xE000ED88)
T87DC 000:191.679   CPU_WriteMem(4 bytes @ 0xE000ED88)
T87DC 000:191.896   CPU_ReadMem(4 bytes @ 0xE000EFB8)
T87DC 000:192.180   Security extension: implemented
T87DC 000:192.192   Secure debug: enabled
T87DC 000:192.200   CoreSight components:
T87DC 000:192.208   ROMTbl[0] @ E00FE000
T87DC 000:192.216   CPU_ReadMem(64 bytes @ 0xE00FE000)
T87DC 000:192.723   CPU_ReadMem(32 bytes @ 0xE0044FE0)
T87DC 000:193.157   CPU_ReadMem(4 bytes @ 0xE0044FBC)
T87DC 000:193.382   CPU_ReadMem(4 bytes @ 0xE0044FCC)
T87DC 000:193.641   [0][0]: E0044000 CID B105900D PID 005BB906 DEVARCH 00000000 DEVTYPE 14 CTI (?)
T87DC 000:193.656   CPU_ReadMem(32 bytes @ 0xE0047FE0)
T87DC 000:194.054   CPU_ReadMem(4 bytes @ 0xE0047FBC)
T87DC 000:194.275   CPU_ReadMem(4 bytes @ 0xE0047FCC)
T87DC 000:194.504   [0][1]: E0047000 CID B105900D PID 003BB908 DEVARCH 00000000 DEVTYPE 12 CSTF
T87DC 000:194.519   CPU_ReadMem(32 bytes @ 0xE0048FE0)
T87DC 000:194.868   CPU_ReadMem(4 bytes @ 0xE0048FBC)
T87DC 000:195.081   CPU_ReadMem(4 bytes @ 0xE0048FCC)
T87DC 000:195.304   [0][2]: E0048000 CID B105900D PID 001BB961 DEVARCH 00000000 DEVTYPE 21 TMC
T87DC 000:195.317   CPU_ReadMem(32 bytes @ 0xE0049FE0)
T87DC 000:195.674   [0][3]: E0049000 CID B105F00D PID 001BB101 TSG
T87DC 000:195.688   CPU_ReadMem(32 bytes @ 0xE0040FE0)
T87DC 000:196.054   CPU_ReadMem(4 bytes @ 0xE0040FBC)
T87DC 000:196.280   CPU_ReadMem(4 bytes @ 0xE0040FCC)
T87DC 000:196.514   [0][4]: E0040000 CID B105900D PID 000BBD21 DEVARCH 00000000 DEVTYPE 11 TPIU
T87DC 000:196.528   CPU_ReadMem(32 bytes @ 0xE00FFFE0)
T87DC 000:196.874   [0][5]: E00FF000 CID B105100D PID 000BB4C9 ROM Table
T87DC 000:196.886   ROMTbl[1] @ E00FF000
T87DC 000:196.894   CPU_ReadMem(64 bytes @ 0xE00FF000)
T87DC 000:197.451   CPU_ReadMem(32 bytes @ 0xE000EFE0)
T87DC 000:197.807   CPU_ReadMem(4 bytes @ 0xE000EFBC)
T87DC 000:198.063   CPU_ReadMem(4 bytes @ 0xE000EFCC)
T87DC 000:198.337   [1][0]: E000E000 CID B105900D PID 000BBD21 DEVARCH 47702A04 DEVTYPE 00 Cortex-M33
T87DC 000:198.351   CPU_ReadMem(32 bytes @ 0xE0001FE0)
T87DC 000:198.731   CPU_ReadMem(4 bytes @ 0xE0001FBC)
T87DC 000:199.001   CPU_ReadMem(4 bytes @ 0xE0001FCC)
T87DC 000:199.236   [1][1]: E0001000 CID B105900D PID 000BBD21 DEVARCH 47701A02 DEVTYPE 00 DWT
T87DC 000:199.248   CPU_ReadMem(32 bytes @ 0xE0002FE0)
T87DC 000:199.601   CPU_ReadMem(4 bytes @ 0xE0002FBC)
T87DC 000:199.828   CPU_ReadMem(4 bytes @ 0xE0002FCC)
T87DC 000:200.056   [1][2]: E0002000 CID B105900D PID 000BBD21 DEVARCH 47701A03 DEVTYPE 00 FPB
T87DC 000:200.072   CPU_ReadMem(32 bytes @ 0xE0000FE0)
T87DC 000:200.436   CPU_ReadMem(4 bytes @ 0xE0000FBC)
T87DC 000:200.867   CPU_ReadMem(4 bytes @ 0xE0000FCC)
T87DC 000:201.231   [1][3]: E0000000 CID B105900D PID 000BBD21 DEVARCH 47701A01 DEVTYPE 43 ITM
T87DC 000:201.276   CPU_ReadMem(32 bytes @ 0xE0041FE0)
T87DC 000:201.704   CPU_ReadMem(4 bytes @ 0xE0041FBC)
T87DC 000:202.001   CPU_ReadMem(4 bytes @ 0xE0041FCC)
T87DC 000:202.258   [1][5]: E0041000 CID B105900D PID 002BBD21 DEVARCH 47724A13 DEVTYPE 13 ETM
T87DC 000:202.289   CPU_ReadMem(32 bytes @ 0xE0042FE0)
T87DC 000:202.676   CPU_ReadMem(4 bytes @ 0xE0042FBC)
T87DC 000:202.940   CPU_ReadMem(4 bytes @ 0xE0042FCC)
T87DC 000:203.181   [1][6]: E0042000 CID B105900D PID 000BBD21 DEVARCH 47701A14 DEVTYPE 14 CSS600-CTI
T87DC 000:203.233   CPU_ReadMem(4 bytes @ 0xE000EDF0)
T87DC 000:203.480   Data:  01 00 10 01
T87DC 000:203.492   Debug reg: DHCSR
T87DC 000:203.500 - 29.034ms returns 0
T87DC 000:203.533 JLINK_ReadMem(0x400E002C, 0x4 Bytes, ...)
T87DC 000:203.542   CPU_ReadMem(4 bytes @ 0x400E002C)
T87DC 000:203.781   Data:  01 00 00 00
T87DC 000:203.797 - 0.263ms returns 0
T87DC 000:203.823 JLINK_ReadMem(0xE000EDF0, 0x4 Bytes, ...)
T87DC 000:203.832   CPU_ReadMem(4 bytes @ 0xE000EDF0)
T87DC 000:204.095   Data:  01 00 10 01
T87DC 000:204.108   Debug reg: DHCSR
T87DC 000:204.116 - 0.293ms returns 0
T87DC 000:204.143 JLINK_ReadMem(0xE000EDF0, 0x4 Bytes, ...)
T87DC 000:204.151   CPU_ReadMem(4 bytes @ 0xE000EDF0)
T87DC 000:204.432   Data:  01 00 10 01
T87DC 000:204.449   Debug reg: DHCSR
T87DC 000:204.458 - 0.315ms returns 0
T87DC 000:204.467 JLINK_ReadMem(0x400E001C, 0x4 Bytes, ...)
T87DC 000:204.476   CPU_ReadMem(4 bytes @ 0x400E001C)
T87DC 000:204.700   Data:  00 FC FF 00
T87DC 000:204.713 - 0.246ms returns 0
T87DC 000:204.724 JLINK_ReadMem(0xE000EDF0, 0x4 Bytes, ...)
T87DC 000:204.732   CPU_ReadMem(4 bytes @ 0xE000EDF0)
T87DC 000:205.001   Data:  01 00 10 01
T87DC 000:205.011   Debug reg: DHCSR
T87DC 000:205.020 - 0.295ms returns 0
T87DC 000:205.027 JLINK_ReadMem(0x400E0018, 0x4 Bytes, ...)
T87DC 000:205.035   CPU_ReadMem(4 bytes @ 0x400E0018)
T87DC 000:205.252   Data:  00 80 FF 00
T87DC 000:205.266 - 0.238ms returns 0
T87DC 000:205.277 JLINK_ReadMem(0xE000EDF0, 0x4 Bytes, ...)
T87DC 000:205.285   CPU_ReadMem(4 bytes @ 0xE000EDF0)
T87DC 000:205.525   Data:  01 00 10 01
T87DC 000:205.539   Debug reg: DHCSR
T87DC 000:205.547 - 0.270ms returns 0
T87DC 000:205.556 JLINK_ReadMem(0x400E0020, 0x4 Bytes, ...)
T87DC 000:205.564   CPU_ReadMem(4 bytes @ 0x400E0020)
T87DC 000:205.772   Data:  00 FC 00 00
T87DC 000:205.781 - 0.224ms returns 0
T87DC 000:205.791 JLINK_ReadMem(0xE000EDF0, 0x4 Bytes, ...)
T87DC 000:205.797   CPU_ReadMem(4 bytes @ 0xE000EDF0)
T87DC 000:206.000   Data:  01 00 10 01
T87DC 000:206.010   Debug reg: DHCSR
T87DC 000:206.018 - 0.226ms returns 0
T87DC 000:206.026 JLINK_ReadMem(0x400E0028, 0x4 Bytes, ...)
T87DC 000:206.032   CPU_ReadMem(4 bytes @ 0x400E0028)
T87DC 000:206.251   Data:  00 FC 1F 00
T87DC 000:206.265 - 0.239ms returns 0
T87DC 000:206.276 JLINK_ReadMem(0xE000EDF0, 0x4 Bytes, ...)
T87DC 000:206.284   CPU_ReadMem(4 bytes @ 0xE000EDF0)
T87DC 000:206.531   Data:  01 00 10 01
T87DC 000:206.545   Debug reg: DHCSR
T87DC 000:206.553 - 0.276ms returns 0
T87DC 000:206.561 JLINK_ReadMem(0x400E0024, 0x4 Bytes, ...)
T87DC 000:206.569   CPU_ReadMem(4 bytes @ 0x400E0024)
T87DC 000:206.803   Data:  00 E0 1F 00
T87DC 000:206.812 - 0.251ms returns 0
T87DC 000:206.822 JLINK_ReadMem(0xE000EDF0, 0x4 Bytes, ...)
T87DC 000:206.829   CPU_ReadMem(4 bytes @ 0xE000EDF0)
T87DC 000:207.057   Data:  01 00 10 01
T87DC 000:207.070   Debug reg: DHCSR
T87DC 000:207.078 - 0.255ms returns 0
T87DC 000:207.087 JLINK_ReadMem(0x400E002C, 0x4 Bytes, ...)
T87DC 000:207.094   CPU_ReadMem(4 bytes @ 0x400E002C)
T87DC 000:207.336   Data:  01 00 00 00
T87DC 000:207.349 - 0.262ms returns 0
T87DC 000:215.192 JLINK_Close()
T87DC 000:228.681 - 13.488ms
T87DC 000:228.705   
T87DC 000:228.711   Closed
